<?xml version="1.0" encoding="UTF-8"?>
<coverage generated="1774383948559" clover="3.2.0">
  <project timestamp="1774383948559" name="All files">
    <metrics statements="47" coveredstatements="44" conditionals="24" coveredconditionals="22" methods="13" coveredmethods="13" elements="84" coveredelements="79" complexity="0" loc="47" ncloc="47" packages="2" files="3" classes="3"/>
    <package name="game">
      <metrics statements="28" coveredstatements="26" conditionals="10" coveredconditionals="9" methods="7" coveredmethods="7"/>
      <file name="constants.ts" path="/Users/galmoussan/projects/claude/tictacfor/src/game/constants.ts">
        <metrics statements="1" coveredstatements="1" conditionals="0" coveredconditionals="0" methods="0" coveredmethods="0"/>
        <line num="11" count="1" type="stmt"/>
      </file>
      <file name="logic.ts" path="/Users/galmoussan/projects/claude/tictacfor/src/game/logic.ts">
        <metrics statements="27" coveredstatements="25" conditionals="10" coveredconditionals="9" methods="7" coveredmethods="7"/>
        <line num="9" count="36" type="stmt"/>
        <line num="10" count="144" type="stmt"/>
        <line num="11" count="2304" type="stmt"/>
        <line num="34" count="74" type="stmt"/>
        <line num="37" count="74" type="stmt"/>
        <line num="39" count="74" type="stmt"/>
        <line num="48" count="142" type="stmt"/>
        <line num="49" count="10479" type="stmt"/>
        <line num="50" count="10479" type="stmt"/>
        <line num="51" count="10479" type="stmt"/>
        <line num="52" count="10479" type="stmt"/>
        <line num="53" count="10479" type="stmt"/>
        <line num="55" count="10479" type="stmt"/>
        <line num="56" count="10479" type="stmt"/>
        <line num="57" count="10479" type="stmt"/>
        <line num="58" count="10479" type="stmt"/>
        <line num="61" count="10479" type="cond" truecount="2" falsecount="0"/>
        <line num="67" count="6" type="stmt"/>
        <line num="74" count="136" type="stmt"/>
        <line num="84" count="68" type="cond" truecount="1" falsecount="1"/>
        <line num="85" count="0" type="stmt"/>
        <line num="89" count="68" type="stmt"/>
        <line num="90" count="68" type="stmt"/>
        <line num="91" count="90" type="stmt"/>
        <line num="92" count="265" type="cond" truecount="2" falsecount="0"/>
        <line num="93" count="68" type="stmt"/>
        <line num="99" count="0" type="stmt"/>
      </file>
    </package>
    <package name="store">
      <metrics statements="19" coveredstatements="18" conditionals="14" coveredconditionals="13" methods="6" coveredmethods="6"/>
      <file name="gameStore.ts" path="/Users/galmoussan/projects/claude/tictacfor/src/store/gameStore.ts">
        <metrics statements="19" coveredstatements="18" conditionals="14" coveredconditionals="13" methods="6" coveredmethods="6"/>
        <line num="36" count="1" type="stmt"/>
        <line num="52" count="1" type="stmt"/>
        <line num="56" count="126" type="stmt"/>
        <line num="59" count="126" type="cond" truecount="4" falsecount="0"/>
        <line num="60" count="52" type="stmt"/>
        <line num="64" count="74" type="stmt"/>
        <line num="67" count="74" type="stmt"/>
        <line num="70" count="74" type="cond" truecount="2" falsecount="0"/>
        <line num="72" count="126" type="cond" truecount="2" falsecount="0"/>
        <line num="74" count="6" type="stmt"/>
        <line num="81" count="68" type="cond" truecount="1" falsecount="1"/>
        <line num="83" count="0" type="stmt"/>
        <line num="91" count="68" type="cond" truecount="2" falsecount="0"/>
        <line num="93" count="68" type="stmt"/>
        <line num="102" count="33" type="stmt"/>
        <line num="104" count="33" type="stmt"/>
        <line num="121" count="14" type="stmt"/>
        <line num="133" count="3" type="stmt"/>
        <line num="139" count="31" type="stmt"/>
      </file>
    </package>
  </project>
</coverage>
