{"/Users/galmoussan/projects/claude/tictacfor/src/game/constants.ts": {"path":"/Users/galmoussan/projects/claude/tictacfor/src/game/constants.ts","statementMap":{"0":{"start":{"line":11,"column":39},"end":{"line":141,"column":null}}},"fnMap":{},"branchMap":{},"s":{"0":1},"f":{},"b":{},"meta":{"lastBranch":0,"lastFunction":0,"lastStatement":1,"seen":{"s:11:39:141:Infinity":0}}}
,"/Users/galmoussan/projects/claude/tictacfor/src/game/logic.ts": {"path":"/Users/galmoussan/projects/claude/tictacfor/src/game/logic.ts","statementMap":{"0":{"start":{"line":9,"column":2},"end":{"line":13,"column":null}},"1":{"start":{"line":10,"column":4},"end":{"line":11,"column":null}},"2":{"start":{"line":11,"column":6},"end":{"line":11,"column":43}},"3":{"start":{"line":11,"column":38},"end":{"line":11,"column":43}},"4":{"start":{"line":34,"column":19},"end":{"line":34,"column":41}},"5":{"start":{"line":37,"column":2},"end":{"line":37,"column":null}},"6":{"start":{"line":39,"column":2},"end":{"line":39,"column":null}},"7":{"start":{"line":48,"column":2},"end":{"line":70,"column":null}},"8":{"start":{"line":49,"column":37},"end":{"line":49,"column":null}},"9":{"start":{"line":50,"column":25},"end":{"line":50,"column":null}},"10":{"start":{"line":51,"column":25},"end":{"line":51,"column":null}},"11":{"start":{"line":52,"column":25},"end":{"line":52,"column":null}},"12":{"start":{"line":53,"column":25},"end":{"line":53,"column":null}},"13":{"start":{"line":55,"column":18},"end":{"line":55,"column":null}},"14":{"start":{"line":56,"column":18},"end":{"line":56,"column":null}},"15":{"start":{"line":57,"column":18},"end":{"line":57,"column":null}},"16":{"start":{"line":58,"column":18},"end":{"line":58,"column":null}},"17":{"start":{"line":61,"column":4},"end":{"line":70,"column":null}},"18":{"start":{"line":67,"column":6},"end":{"line":70,"column":null}},"19":{"start":{"line":74,"column":2},"end":{"line":74,"column":null}},"20":{"start":{"line":84,"column":2},"end":{"line":85,"column":null}},"21":{"start":{"line":85,"column":4},"end":{"line":85,"column":null}},"22":{"start":{"line":89,"column":2},"end":{"line":93,"column":null}},"23":{"start":{"line":89,"column":15},"end":{"line":89,"column":18}},"24":{"start":{"line":90,"column":4},"end":{"line":93,"column":null}},"25":{"start":{"line":90,"column":17},"end":{"line":90,"column":20}},"26":{"start":{"line":91,"column":6},"end":{"line":93,"column":null}},"27":{"start":{"line":91,"column":19},"end":{"line":91,"column":22}},"28":{"start":{"line":92,"column":8},"end":{"line":93,"column":null}},"29":{"start":{"line":93,"column":10},"end":{"line":93,"column":null}},"30":{"start":{"line":99,"column":2},"end":{"line":99,"column":null}}},"fnMap":{"0":{"name":"createEmptyBoard","decl":{"start":{"line":8,"column":16},"end":{"line":8,"column":42}},"loc":{"start":{"line":8,"column":42},"end":{"line":13,"column":null}},"line":8},"1":{"name":"(anonymous_1)","decl":{"start":{"line":9,"column":33},"end":{"line":9,"column":null}},"loc":{"start":{"line":10,"column":4},"end":{"line":11,"column":null}},"line":10},"2":{"name":"(anonymous_2)","decl":{"start":{"line":10,"column":28},"end":{"line":10,"column":null}},"loc":{"start":{"line":11,"column":6},"end":{"line":11,"column":43}},"line":11},"3":{"name":"(anonymous_3)","decl":{"start":{"line":11,"column":30},"end":{"line":11,"column":38}},"loc":{"start":{"line":11,"column":38},"end":{"line":11,"column":43}},"line":11},"4":{"name":"makeMove","decl":{"start":{"line":26,"column":16},"end":{"line":26,"column":null}},"loc":{"start":{"line":32,"column":9},"end":{"line":39,"column":null}},"line":32},"5":{"name":"checkWin","decl":{"start":{"line":47,"column":16},"end":{"line":47,"column":25}},"loc":{"start":{"line":47,"column":50},"end":{"line":74,"column":null}},"line":47},"6":{"name":"isDraw","decl":{"start":{"line":82,"column":16},"end":{"line":82,"column":23}},"loc":{"start":{"line":82,"column":46},"end":{"line":99,"column":null}},"line":82}},"branchMap":{"0":{"loc":{"start":{"line":61,"column":4},"end":{"line":70,"column":null}},"type":"if","locations":[{"start":{"line":61,"column":4},"end":{"line":70,"column":null}},{"start":{},"end":{}}],"line":61},"1":{"loc":{"start":{"line":62,"column":6},"end":{"line":65,"column":null}},"type":"binary-expr","locations":[{"start":{"line":62,"column":6},"end":{"line":62,"column":null}},{"start":{"line":63,"column":6},"end":{"line":63,"column":null}},{"start":{"line":64,"column":6},"end":{"line":64,"column":null}},{"start":{"line":65,"column":6},"end":{"line":65,"column":null}}],"line":62},"2":{"loc":{"start":{"line":84,"column":2},"end":{"line":85,"column":null}},"type":"if","locations":[{"start":{"line":84,"column":2},"end":{"line":85,"column":null}},{"start":{},"end":{}}],"line":84},"3":{"loc":{"start":{"line":92,"column":8},"end":{"line":93,"column":null}},"type":"if","locations":[{"start":{"line":92,"column":8},"end":{"line":93,"column":null}},{"start":{},"end":{}}],"line":92}},"s":{"0":36,"1":144,"2":576,"3":2304,"4":74,"5":74,"6":74,"7":142,"8":10479,"9":10479,"10":10479,"11":10479,"12":10479,"13":10479,"14":10479,"15":10479,"16":10479,"17":10479,"18":6,"19":136,"20":68,"21":0,"22":68,"23":68,"24":68,"25":68,"26":90,"27":90,"28":265,"29":68,"30":0},"f":{"0":36,"1":144,"2":576,"3":2304,"4":74,"5":142,"6":68},"b":{"0":[6,10473],"1":[10479,1907,95,47],"2":[0,68],"3":[68,197]},"meta":{"lastBranch":4,"lastFunction":7,"lastStatement":31,"seen":{"f:8:16:8:42":0,"s:9:2:13:Infinity":0,"f:9:33:9:Infinity":1,"s:10:4:11:Infinity":1,"f:10:28:10:Infinity":2,"s:11:6:11:43":2,"f:11:30:11:38":3,"s:11:38:11:43":3,"f:26:16:26:Infinity":4,"s:34:19:34:41":4,"s:37:2:37:Infinity":5,"s:39:2:39:Infinity":6,"f:47:16:47:25":5,"s:48:2:70:Infinity":7,"s:49:37:49:Infinity":8,"s:50:25:50:Infinity":9,"s:51:25:51:Infinity":10,"s:52:25:52:Infinity":11,"s:53:25:53:Infinity":12,"s:55:18:55:Infinity":13,"s:56:18:56:Infinity":14,"s:57:18:57:Infinity":15,"s:58:18:58:Infinity":16,"b:61:4:70:Infinity:undefined:undefined:undefined:undefined":0,"s:61:4:70:Infinity":17,"b:62:6:62:Infinity:63:6:63:Infinity:64:6:64:Infinity:65:6:65:Infinity":1,"s:67:6:70:Infinity":18,"s:74:2:74:Infinity":19,"f:82:16:82:23":6,"b:84:2:85:Infinity:undefined:undefined:undefined:undefined":2,"s:84:2:85:Infinity":20,"s:85:4:85:Infinity":21,"s:89:2:93:Infinity":22,"s:89:15:89:18":23,"s:90:4:93:Infinity":24,"s:90:17:90:20":25,"s:91:6:93:Infinity":26,"s:91:19:91:22":27,"b:92:8:93:Infinity:undefined:undefined:undefined:undefined":3,"s:92:8:93:Infinity":28,"s:93:10:93:Infinity":29,"s:99:2:99:Infinity":30}}}
,"/Users/galmoussan/projects/claude/tictacfor/src/store/gameStore.ts": {"path":"/Users/galmoussan/projects/claude/tictacfor/src/store/gameStore.ts","statementMap":{"0":{"start":{"line":36,"column":32},"end":{"line":50,"column":null}},"1":{"start":{"line":52,"column":13},"end":{"line":149,"column":3}},"2":{"start":{"line":52,"column":61},"end":{"line":149,"column":3}},"3":{"start":{"line":56,"column":77},"end":{"line":56,"column":82}},"4":{"start":{"line":59,"column":4},"end":{"line":60,"column":null}},"5":{"start":{"line":60,"column":6},"end":{"line":60,"column":null}},"6":{"start":{"line":64,"column":10},"end":{"line":64,"column":65}},"7":{"start":{"line":67,"column":10},"end":{"line":67,"column":40}},"8":{"start":{"line":70,"column":31},"end":{"line":70,"column":null}},"9":{"start":{"line":72,"column":4},"end":{"line":97,"column":null}},"10":{"start":{"line":74,"column":6},"end":{"line":80,"column":null}},"11":{"start":{"line":81,"column":15},"end":{"line":97,"column":null}},"12":{"start":{"line":83,"column":6},"end":{"line":87,"column":null}},"13":{"start":{"line":91,"column":23},"end":{"line":91,"column":null}},"14":{"start":{"line":93,"column":6},"end":{"line":97,"column":null}},"15":{"start":{"line":102,"column":43},"end":{"line":102,"column":48}},"16":{"start":{"line":104,"column":4},"end":{"line":112,"column":null}},"17":{"start":{"line":121,"column":4},"end":{"line":129,"column":null}},"18":{"start":{"line":133,"column":4},"end":{"line":135,"column":null}},"19":{"start":{"line":139,"column":4},"end":{"line":147,"column":null}}},"fnMap":{"0":{"name":"(anonymous_0)","decl":{"start":{"line":52,"column":28},"end":{"line":52,"column":47}},"loc":{"start":{"line":52,"column":61},"end":{"line":149,"column":3}},"line":52},"1":{"name":"(anonymous_1)","decl":{"start":{"line":55,"column":2},"end":{"line":55,"column":13}},"loc":{"start":{"line":55,"column":49},"end":{"line":97,"column":null}},"line":55},"2":{"name":"(anonymous_2)","decl":{"start":{"line":101,"column":2},"end":{"line":101,"column":19}},"loc":{"start":{"line":101,"column":19},"end":{"line":112,"column":null}},"line":101},"3":{"name":"(anonymous_3)","decl":{"start":{"line":115,"column":2},"end":{"line":115,"column":23}},"loc":{"start":{"line":120,"column":8},"end":{"line":129,"column":null}},"line":120},"4":{"name":"(anonymous_4)","decl":{"start":{"line":132,"column":2},"end":{"line":132,"column":25}},"loc":{"start":{"line":132,"column":48},"end":{"line":135,"column":null}},"line":132},"5":{"name":"(anonymous_5)","decl":{"start":{"line":138,"column":2},"end":{"line":138,"column":25}},"loc":{"start":{"line":138,"column":25},"end":{"line":147,"column":null}},"line":138}},"branchMap":{"0":{"loc":{"start":{"line":59,"column":4},"end":{"line":60,"column":null}},"type":"if","locations":[{"start":{"line":59,"column":4},"end":{"line":60,"column":null}},{"start":{},"end":{}}],"line":59},"1":{"loc":{"start":{"line":59,"column":8},"end":{"line":59,"column":47}},"type":"binary-expr","locations":[{"start":{"line":59,"column":8},"end":{"line":59,"column":22}},{"start":{"line":59,"column":22},"end":{"line":59,"column":47}}],"line":59},"2":{"loc":{"start":{"line":70,"column":31},"end":{"line":70,"column":null}},"type":"cond-expr","locations":[{"start":{"line":70,"column":55},"end":{"line":70,"column":61}},{"start":{"line":70,"column":61},"end":{"line":70,"column":null}}],"line":70},"3":{"loc":{"start":{"line":72,"column":4},"end":{"line":97,"column":null}},"type":"if","locations":[{"start":{"line":72,"column":4},"end":{"line":97,"column":null}},{"start":{"line":81,"column":15},"end":{"line":97,"column":null}}],"line":72},"4":{"loc":{"start":{"line":81,"column":15},"end":{"line":97,"column":null}},"type":"if","locations":[{"start":{"line":81,"column":15},"end":{"line":97,"column":null}},{"start":{"line":88,"column":11},"end":{"line":97,"column":null}}],"line":81},"5":{"loc":{"start":{"line":91,"column":23},"end":{"line":91,"column":null}},"type":"cond-expr","locations":[{"start":{"line":91,"column":39},"end":{"line":91,"column":68}},{"start":{"line":91,"column":68},"end":{"line":91,"column":null}}],"line":91},"6":{"loc":{"start":{"line":111,"column":16},"end":{"line":111,"column":null}},"type":"cond-expr","locations":[{"start":{"line":111,"column":32},"end":{"line":111,"column":54}},{"start":{"line":111,"column":54},"end":{"line":111,"column":null}}],"line":111}},"s":{"0":1,"1":1,"2":1,"3":126,"4":126,"5":52,"6":74,"7":74,"8":74,"9":126,"10":6,"11":68,"12":0,"13":68,"14":68,"15":33,"16":33,"17":14,"18":3,"19":31},"f":{"0":1,"1":126,"2":33,"3":14,"4":3,"5":31},"b":{"0":[52,74],"1":[126,75],"2":[44,30],"3":[6,68],"4":[0,68],"5":[16,52],"6":[13,20]},"meta":{"lastBranch":7,"lastFunction":6,"lastStatement":20,"seen":{"s:36:32:50:Infinity":0,"s:52:13:149:3":1,"f:52:28:52:47":0,"s:52:61:149:3":2,"f:55:2:55:13":1,"s:56:77:56:82":3,"b:59:4:60:Infinity:undefined:undefined:undefined:undefined":0,"s:59:4:60:Infinity":4,"b:59:8:59:22:59:22:59:47":1,"s:60:6:60:Infinity":5,"s:64:10:64:65":6,"s:67:10:67:40":7,"s:70:31:70:Infinity":8,"b:70:55:70:61:70:61:70:Infinity":2,"b:72:4:97:Infinity:81:15:97:Infinity":3,"s:72:4:97:Infinity":9,"s:74:6:80:Infinity":10,"b:81:15:97:Infinity:88:11:97:Infinity":4,"s:81:15:97:Infinity":11,"s:83:6:87:Infinity":12,"s:91:23:91:Infinity":13,"b:91:39:91:68:91:68:91:Infinity":5,"s:93:6:97:Infinity":14,"f:101:2:101:19":2,"s:102:43:102:48":15,"s:104:4:112:Infinity":16,"b:111:32:111:54:111:54:111:Infinity":6,"f:115:2:115:23":3,"s:121:4:129:Infinity":17,"f:132:2:132:25":4,"s:133:4:135:Infinity":18,"f:138:2:138:25":5,"s:139:4:147:Infinity":19}}}
}
